#-----------------------------------------------------------
# Vivado v2018.3 (64-bit)
# SW Build 2405991 on Thu Dec  6 23:38:27 MST 2018
# IP Build 2404404 on Fri Dec  7 01:43:56 MST 2018
# Start of session at: Wed Nov  6 18:28:39 2024
# Process ID: 19648
# Current directory: C:/Users/aly27/OneDrive/Desktop/UT/SCS/HW2/Wallace/tema2_wt
# Command line: vivado.exe -gui_launcher_event rodinguilauncherevent18228 C:\Users\aly27\OneDrive\Desktop\UT\SCS\HW2\Wallace\tema2_wt\tema2_wt.xpr
# Log file: C:/Users/aly27/OneDrive/Desktop/UT/SCS/HW2/Wallace/tema2_wt/vivado.log
# Journal file: C:/Users/aly27/OneDrive/Desktop/UT/SCS/HW2/Wallace/tema2_wt\vivado.jou
#-----------------------------------------------------------
start_gui
open_project C:/Users/aly27/OneDrive/Desktop/UT/SCS/HW2/Wallace/tema2_wt/tema2_wt.xpr
INFO: [Project 1-313] Project file moved from 'C:/Users/aly27/OneDrive/Desktop/UT/SCS/tema2_wt' since last save.
Scanning sources...
Finished scanning sources
INFO: [IP_Flow 19-234] Refreshing IP repositories
INFO: [IP_Flow 19-1704] No user IP repositories specified
INFO: [IP_Flow 19-2313] Loaded Vivado IP repository 'C:/Xilinx/Vivado/2018.3/data/ip'.
open_project: Time (s): cpu = 00:00:17 ; elapsed = 00:00:15 . Memory (MB): peak = 746.777 ; gain = 154.820
update_compile_order -fileset sources_1
exit
INFO: [Common 17-206] Exiting Vivado at Wed Nov  6 18:56:09 2024...
