#-----------------------------------------------------------
# Vivado v2018.3 (64-bit)
# SW Build 2405991 on Thu Dec  6 23:38:27 MST 2018
# IP Build 2404404 on Fri Dec  7 01:43:56 MST 2018
# Start of session at: Thu Nov 14 18:54:19 2024
# Process ID: 664
# Current directory: C:/Users/aly27/OneDrive/Desktop/UT/SCS/HW2/LookaheadAdder/LookAhead
# Command line: vivado.exe -gui_launcher_event rodinguilauncherevent22052 C:\Users\aly27\OneDrive\Desktop\UT\SCS\HW2\LookaheadAdder\LookAhead\tema2.xpr
# Log file: C:/Users/aly27/OneDrive/Desktop/UT/SCS/HW2/LookaheadAdder/LookAhead/vivado.log
# Journal file: C:/Users/aly27/OneDrive/Desktop/UT/SCS/HW2/LookaheadAdder/LookAhead\vivado.jou
#-----------------------------------------------------------
start_gui
open_project C:/Users/aly27/OneDrive/Desktop/UT/SCS/HW2/LookaheadAdder/LookAhead/tema2.xpr
INFO: [Project 1-313] Project file moved from 'C:/Users/aly27/OneDrive/Desktop/UT/SCS/tema2' since last save.
Scanning sources...
Finished scanning sources
INFO: [IP_Flow 19-234] Refreshing IP repositories
INFO: [IP_Flow 19-1704] No user IP repositories specified
INFO: [IP_Flow 19-2313] Loaded Vivado IP repository 'C:/Xilinx/Vivado/2018.3/data/ip'.
open_project: Time (s): cpu = 00:00:08 ; elapsed = 00:00:09 . Memory (MB): peak = 786.961 ; gain = 203.723
update_compile_order -fileset sources_1
launch_simulation
INFO: [Vivado 12-5682] Launching behavioral simulation in 'C:/Users/aly27/OneDrive/Desktop/UT/SCS/HW2/LookaheadAdder/LookAhead/tema2.sim/sim_1/behav/xsim'
INFO: [SIM-utils-51] Simulation object is 'sim_1'
INFO: [SIM-utils-54] Inspecting design source files for 'LookaheadAdder_tb' in fileset 'sim_1'...
INFO: [USF-XSim-97] Finding global include files...
INFO: [USF-XSim-98] Fetching design files from 'sim_1'...
INFO: [USF-XSim-2] XSim::Compile design
INFO: [USF-XSim-61] Executing 'COMPILE and ANALYZE' step in 'C:/Users/aly27/OneDrive/Desktop/UT/SCS/HW2/LookaheadAdder/LookAhead/tema2.sim/sim_1/behav/xsim'
"xvhdl --incr --relax -prj LookaheadAdder_tb_vhdl.prj"
INFO: [VRFC 10-163] Analyzing VHDL file "C:/Users/aly27/OneDrive/Desktop/UT/SCS/HW2/LookaheadAdder/LookAhead/tema2.srcs/sources_1/new/CarryBlock.vhd" into library xil_defaultlib
INFO: [VRFC 10-3107] analyzing entity 'CarryBlock'
INFO: [VRFC 10-163] Analyzing VHDL file "C:/Users/aly27/OneDrive/Desktop/UT/SCS/HW2/LookaheadAdder/LookAhead/tema2.srcs/sources_1/new/FullAdder.vhd" into library xil_defaultlib
INFO: [VRFC 10-3107] analyzing entity 'FullAdder'
INFO: [VRFC 10-163] Analyzing VHDL file "C:/Users/aly27/OneDrive/Desktop/UT/SCS/HW2/LookaheadAdder/LookAhead/tema2.srcs/sources_1/new/LookaheadAdder.vhd" into library xil_defaultlib
INFO: [VRFC 10-3107] analyzing entity 'LookaheadAdder'
INFO: [VRFC 10-163] Analyzing VHDL file "C:/Users/aly27/OneDrive/Desktop/UT/SCS/HW2/LookaheadAdder/LookAhead/tema2.srcs/sim_1/new/testbench.vhd" into library xil_defaultlib
INFO: [VRFC 10-3107] analyzing entity 'LookaheadAdder_tb'
INFO: [USF-XSim-69] 'compile' step finished in '2' seconds
INFO: [USF-XSim-3] XSim::Elaborate design
INFO: [USF-XSim-61] Executing 'ELABORATE' step in 'C:/Users/aly27/OneDrive/Desktop/UT/SCS/HW2/LookaheadAdder/LookAhead/tema2.sim/sim_1/behav/xsim'
Vivado Simulator 2018.3
Copyright 1986-1999, 2001-2018 Xilinx, Inc. All Rights Reserved.
Running: C:/Xilinx/Vivado/2018.3/bin/unwrapped/win64.o/xelab.exe -wto 8af3e12f3bb64730908ba1975a3fd4ab --incr --debug typical --relax --mt 2 -L xil_defaultlib -L secureip --snapshot LookaheadAdder_tb_behav xil_defaultlib.LookaheadAdder_tb -log elaborate.log 
Using 2 slave threads.
Starting static elaboration
Completed static elaboration
Starting simulation data flow analysis
Completed simulation data flow analysis
Time Resolution for simulation is 1ps
Compiling package std.standard
Compiling package std.textio
Compiling package ieee.std_logic_1164
Compiling package ieee.std_logic_arith
Compiling package ieee.std_logic_unsigned
Compiling architecture behavioral of entity xil_defaultlib.FullAdder [fulladder_default]
Compiling architecture behavioral of entity xil_defaultlib.CarryBlock [carryblock_default]
Compiling architecture structural of entity xil_defaultlib.LookaheadAdder [lookaheadadder_default]
Compiling architecture behavioral of entity xil_defaultlib.lookaheadadder_tb
Built simulation snapshot LookaheadAdder_tb_behav

****** Webtalk v2018.3 (64-bit)
  **** SW Build 2405991 on Thu Dec  6 23:38:27 MST 2018
  **** IP Build 2404404 on Fri Dec  7 01:43:56 MST 2018
    ** Copyright 1986-2018 Xilinx, Inc. All Rights Reserved.

source C:/Users/aly27/OneDrive/Desktop/UT/SCS/HW2/LookaheadAdder/LookAhead/tema2.sim/sim_1/behav/xsim/xsim.dir/LookaheadAdder_tb_behav/webtalk/xsim_webtalk.tcl -notrace
INFO: [Common 17-206] Exiting Webtalk at Thu Nov 14 18:56:06 2024...
INFO: [USF-XSim-69] 'elaborate' step finished in '4' seconds
INFO: [USF-XSim-4] XSim::Simulate design
INFO: [USF-XSim-61] Executing 'SIMULATE' step in 'C:/Users/aly27/OneDrive/Desktop/UT/SCS/HW2/LookaheadAdder/LookAhead/tema2.sim/sim_1/behav/xsim'
INFO: [USF-XSim-98] *** Running xsim
   with args "LookaheadAdder_tb_behav -key {Behavioral:sim_1:Functional:LookaheadAdder_tb} -tclbatch {LookaheadAdder_tb.tcl} -log {simulate.log}"
INFO: [USF-XSim-8] Loading simulator feature
Vivado Simulator 2018.3
Time resolution is 1 ps
source LookaheadAdder_tb.tcl
# set curr_wave [current_wave_config]
# if { [string length $curr_wave] == 0 } {
#   if { [llength [get_objects]] > 0} {
#     add_wave /
#     set_property needs_save false [current_wave_config]
#   } else {
#      send_msg_id Add_Wave-1 WARNING "No top level signals found. Simulator will start without a wave window. If you want to open a wave window go to 'File->New Waveform Configuration' or type 'create_wave_config' in the TCL console."
#   }
# }
# run 1000ns
INFO: [USF-XSim-96] XSim completed. Design snapshot 'LookaheadAdder_tb_behav' loaded.
INFO: [USF-XSim-97] XSim simulation ran for 1000ns
launch_simulation: Time (s): cpu = 00:00:03 ; elapsed = 00:00:10 . Memory (MB): peak = 795.582 ; gain = 0.000
close_sim
INFO: [Simtcl 6-16] Simulation closed
exit
INFO: [Common 17-206] Exiting Vivado at Thu Nov 14 19:31:44 2024...
